        -:    0:Source:C:/Users/caiog/CLionProjects/learning/basic/estruturas-decisao.c
        -:    0:Graph:C:\Users\caiog\CLionProjects\learning\cmake-build-debug-coverage\CMakeFiles\learning.dir\basic\estruturas-decisao.c.gcno
        -:    0:Data:C:\Users\caiog\CLionProjects\learning\cmake-build-debug-coverage\CMakeFiles\learning.dir\basic\estruturas-decisao.c.gcda
        -:    0:Runs:1
        -:    1://
        -:    2:// Created by caiog on 23/08/2024.
        -:    3://
        -:    4:// estruturas de decisão
        -:    5:#include <stdio.h>
        -:    6:
function decisionStructures called 0 returned 0% blocks executed 0%
    #####:    7:void decisionStructures() {
        -:    8:    int idade;
    #####:    9:    printf("Digite sua idade: \n");
    %%%%%:    9-block  0
call    0 never executed
    #####:   10:    scanf("%d", &idade);
call    0 never executed
        -:   11:
    #####:   12:    if (idade < 18) {
branch  0 never executed (fallthrough)
branch  1 never executed
    #####:   13:        printf("Voce eh crianca \n");
    %%%%%:   13-block  0
call    0 never executed
    #####:   14:    } else if (idade >= 18 && idade < 60 ) {
    %%%%%:   14-block  0
branch  0 never executed (fallthrough)
branch  1 never executed
    %%%%%:   14-block  1
branch  2 never executed (fallthrough)
branch  3 never executed
    #####:   15:        printf("Voce eh adulto \n");
    %%%%%:   15-block  0
call    0 never executed
        -:   16:    } else {
    #####:   17:        printf("voce eh velho \n");
    %%%%%:   17-block  0
call    0 never executed
        -:   18:    }
        -:   19:
    #####:   20:    printf("Sua idade eh %d", idade);
    %%%%%:   20-block  0
call    0 never executed
    #####:   21:}
